info: Apr-24-2022 10:09:09: 	connection successfull
info: Apr-24-2022 10:09:20: 	connection successfull
info: Apr-24-2022 10:09:56: 	connection successfull
info: Apr-24-2022 10:10:02: 	connection successfull
info: Apr-24-2022 10:10:20: 	connection successfull
info: Apr-24-2022 10:10:35: 	connection is live at port no. 9000
info: Apr-24-2022 10:10:35: 	connection successfull
info: Apr-24-2022 10:11:00: 	connection is live at port no. 9000
info: Apr-24-2022 10:11:00: 	connection successfull
info: Apr-24-2022 10:11:07: 	connection is live at port no. 9000
info: Apr-24-2022 10:11:07: 	connection successfull
info: Apr-24-2022 10:11:14: 	connection is live at port no. 9000
info: Apr-24-2022 10:11:14: 	connection successfull
info: Apr-24-2022 10:11:22: 	connection is live at port no. 9000
info: Apr-24-2022 10:11:22: 	connection successfull
info: Apr-24-2022 10:39:33: 	[object Object]
info: Apr-24-2022 10:41:37: 	[object Object]
info: Apr-24-2022 10:44:32: 	eyJhbGciOiJIUzI1NiJ9.dGVzdDJAZ21haWw.gz_T9Dq4OvxJDPzSfQ8lWexaprd5R7CFW2yLy2KKIzE
info: Apr-24-2022 10:45:55: 	[object Object]
info: Apr-24-2022 10:46:14: 	[object Object]
info: Apr-24-2022 10:47:26: 	[object Object]
info: Apr-24-2022 10:48:51: 	[object Object]
info: Apr-24-2022 10:49:43: 	[object Object]
info: Apr-24-2022 10:53:08: 	[object Object]
info: Apr-24-2022 10:59:18: 	[object Object]
info: Apr-24-2022 12:26:44: 	eyJhbGciOiJIUzI1NiJ9.dGVzdDJAZ21haWw.gz_T9Dq4OvxJDPzSfQ8lWexaprd5R7CFW2yLy2KKIzE
info: Apr-24-2022 12:27:31: 	[object Object]
info: Apr-24-2022 12:31:51: 	[object Object]
info: Apr-24-2022 12:33:21: 	[object Object]
info: Apr-24-2022 12:48:44: 	[object Object]
info: Apr-24-2022 12:55:59: 	[object Object]
info: Apr-24-2022 17:30:08: 	connection is live at port no. 9000
info: Apr-24-2022 17:30:08: 	connection successfull
info: Apr-24-2022 17:31:37: 	eyJhbGciOiJIUzI1NiJ9.YXNoQGdtYWls.j7DJ-NbtPsDnJ0m5bolCSRzx3ehSS9u80e4QUpA_4x4
info: Apr-24-2022 17:32:11: 	[object Object]
info: Apr-24-2022 17:32:59: 	[object Object]
info: Apr-24-2022 17:33:16: 	eyJhbGciOiJIUzI1NiJ9.dGVzdEBnbWFpbA.HjIlp5fLv41i-agKC93eoek0nTDTkpltwGm2p4j6I9I
info: Apr-24-2022 17:42:42: 	[object Object]
info: Apr-24-2022 17:48:07: 	[object Object]
info: Apr-24-2022 18:00:50: 	[object Object]
info: Apr-24-2022 18:52:29: 	connection is live at port no. 9000
info: Apr-25-2022 07:25:11: 	connection is live at port no. 9000
info: Apr-25-2022 07:25:11: 	connection successfull
info: Apr-25-2022 07:26:33: 	U2FsdGVkX19EJlJpxdYtwE5uFLizWFQInNQ/73L3qek=
info: Apr-25-2022 07:26:57: 	eyJhbGciOiJIUzI1NiJ9.Um9oaXRAZ21haWw.kn4efzKKlygTT_EIrEbs0t5mb1kf6nDlAlCMc9Z6TtQ
info: Apr-25-2022 07:27:31: 	[object Object]
